<?xml version="1.0" encoding="UTF-8"?>
<testng-results ignored="0" total="1" passed="1" failed="0" skipped="0">
  <reporter-output>
  </reporter-output>
  <suite started-at="2022-11-07T10:09:09 IST" name="Default suite" finished-at="2022-11-07T10:09:34 IST" duration-ms="24877">
    <groups>
    </groups>
    <test started-at="2022-11-07T10:09:09 IST" name="Default test" finished-at="2022-11-07T10:09:34 IST" duration-ms="24877">
      <class name="com.test.TestNgProgram">
        <test-method is-config="true" signature="launchBrowser()[pri:0, instance:com.test.TestNgProgram@71a8adcf]" started-at="2022-11-07T10:09:09 IST" name="launchBrowser" finished-at="2022-11-07T10:09:18 IST" duration-ms="8576" status="PASS">
          <reporter-output>
          </reporter-output>
        </test-method> <!-- launchBrowser -->
        <test-method signature="titleTest()[pri:0, instance:com.test.TestNgProgram@71a8adcf]" started-at="2022-11-07T10:09:18 IST" name="titleTest" finished-at="2022-11-07T10:09:18 IST" duration-ms="23" status="PASS">
          <reporter-output>
          </reporter-output>
        </test-method> <!-- titleTest -->
        <test-method is-config="true" signature="closedBrowser()[pri:0, instance:com.test.TestNgProgram@71a8adcf]" started-at="2022-11-07T10:09:18 IST" name="closedBrowser" finished-at="2022-11-07T10:09:34 IST" duration-ms="16235" status="PASS">
          <reporter-output>
          </reporter-output>
        </test-method> <!-- closedBrowser -->
      </class> <!-- com.test.TestNgProgram -->
    </test> <!-- Default test -->
  </suite> <!-- Default suite -->
</testng-results>
